[19Mar2024 23:26:18.014] [main/INFO] [cpw.mods.modlauncher.Launcher/MODLAUNCHER]: ModLauncher running: args [--launchTarget, forge_server, nogui]
[19Mar2024 23:26:18.016] [main/INFO] [cpw.mods.modlauncher.Launcher/MODLAUNCHER]: JVM identified as Oracle Corporation Java HotSpot(TM) 64-Bit Server VM 17.0.10+11-LTS-240
[19Mar2024 23:26:18.017] [main/INFO] [cpw.mods.modlauncher.Launcher/MODLAUNCHER]: ModLauncher 10.1.2 starting: java version 17.0.10 by Oracle Corporation; OS Windows 10 arch amd64 version 10.0
[19Mar2024 23:26:18.028] [main/DEBUG] [cpw.mods.modlauncher.LaunchServiceHandler/MODLAUNCHER]: Found launch services [forge_userdev_client,forge_dev_data,minecraft,forge_userdev_server_gametest,forge_dev_client,forge_userdev_data,forge_dev_server_gametest,testharness,forge_userdev_server,forge_client,forge_dev_server,forge_server]
[19Mar2024 23:26:18.033] [main/DEBUG] [cpw.mods.modlauncher.NameMappingServiceHandler/MODLAUNCHER]: Found naming services : [srgtomcp]
[19Mar2024 23:26:18.042] [main/DEBUG] [cpw.mods.modlauncher.LaunchPluginHandler/MODLAUNCHER]: Found launch plugins: [mixin,eventbus,slf4jfixer,object_holder_definalize,runtime_enum_extender,capability_token_subclass,accesstransformer,runtimedistcleaner]
[19Mar2024 23:26:18.047] [main/DEBUG] [cpw.mods.modlauncher.TransformationServicesHandler/MODLAUNCHER]: Discovering transformation services
[19Mar2024 23:26:18.048] [main/DEBUG] [net.minecraftforge.fml.loading.FMLPaths/CORE]: Path GAMEDIR is C:\1.20.4
[19Mar2024 23:26:18.049] [main/DEBUG] [net.minecraftforge.fml.loading.FMLPaths/CORE]: Path MODSDIR is C:\1.20.4\mods
[19Mar2024 23:26:18.049] [main/DEBUG] [net.minecraftforge.fml.loading.FMLPaths/CORE]: Path CONFIGDIR is C:\1.20.4\config
[19Mar2024 23:26:18.049] [main/DEBUG] [net.minecraftforge.fml.loading.FMLPaths/CORE]: Path FMLCONFIG is C:\1.20.4\config\fml.toml
[19Mar2024 23:26:18.077] [main/INFO] [net.minecraftforge.fml.loading.ImmediateWindowHandler/]: ImmediateWindowProvider not loading because launch target is forge_server
[19Mar2024 23:26:18.109] [main/DEBUG] [cpw.mods.modlauncher.TransformationServicesHandler/MODLAUNCHER]: Found transformer service: fml: /
[19Mar2024 23:26:18.111] [main/DEBUG] [cpw.mods.modlauncher.TransformationServicesHandler/MODLAUNCHER]: Found transformer service: mixin: /
[19Mar2024 23:26:18.111] [main/DEBUG] [cpw.mods.modlauncher.TransformationServicesHandler/MODLAUNCHER]: Transformation services loading
[19Mar2024 23:26:18.112] [main/DEBUG] [cpw.mods.modlauncher.TransformationServiceDecorator/MODLAUNCHER]: Loading service mixin
[19Mar2024 23:26:18.112] [main/DEBUG] [cpw.mods.modlauncher.TransformationServiceDecorator/MODLAUNCHER]: Loaded service mixin
[19Mar2024 23:26:18.112] [main/DEBUG] [cpw.mods.modlauncher.TransformationServiceDecorator/MODLAUNCHER]: Loading service fml
[19Mar2024 23:26:18.119] [main/DEBUG] [net.minecraftforge.fml.loading.FMLLoader/CORE]: Detected version data : VersionInfo[forgeVersion=49.0.38, mcVersion=1.20.4, mcpVersion=20231207.112700, forgeGroup=net.minecraftforge]
[19Mar2024 23:26:18.120] [main/DEBUG] [net.minecraftforge.fml.loading.LauncherVersion/CORE]: Found FMLLauncher version 49.0.38
[19Mar2024 23:26:18.120] [main/DEBUG] [net.minecraftforge.fml.loading.FMLLoader/CORE]: FML 49.0.38 loading
[19Mar2024 23:26:18.120] [main/DEBUG] [net.minecraftforge.fml.loading.FMLLoader/CORE]: Found ModLauncher version: 10.1.2
[19Mar2024 23:26:18.121] [main/DEBUG] [net.minecraftforge.fml.loading.FMLLoader/CORE]: Found AccessTransformer version: 8.1.1
[19Mar2024 23:26:18.121] [main/DEBUG] [net.minecraftforge.fml.loading.FMLLoader/CORE]: Found EventBus version: 6.2.0
[19Mar2024 23:26:18.121] [main/DEBUG] [net.minecraftforge.fml.loading.FMLLoader/CORE]: Found RuntimeDistCleaner version: 49.0.38
[19Mar2024 23:26:18.122] [main/DEBUG] [net.minecraftforge.fml.loading.FMLLoader/CORE]: FML found CoreMod version : 5.1.0
[19Mar2024 23:26:18.122] [main/DEBUG] [net.minecraftforge.fml.loading.FMLLoader/CORE]: Found ForgeSPI version: 7.1.3
[19Mar2024 23:26:18.122] [main/DEBUG] [cpw.mods.modlauncher.TransformationServiceDecorator/MODLAUNCHER]: Loaded service fml
[19Mar2024 23:26:18.123] [main/DEBUG] [cpw.mods.modlauncher.TransformationServicesHandler/MODLAUNCHER]: Configuring option handling for services
[19Mar2024 23:26:18.127] [main/DEBUG] [cpw.mods.modlauncher.TransformationServicesHandler/MODLAUNCHER]: Transformation services initializing
[19Mar2024 23:26:18.127] [main/DEBUG] [cpw.mods.modlauncher.TransformationServiceDecorator/MODLAUNCHER]: Initializing transformation service mixin
[19Mar2024 23:26:18.154] [main/DEBUG] [mixin/]: MixinService [ModLauncher] was successfully booted in SecureModuleClassLoader[SECURE-BOOTSTRAP]@1356728614
[19Mar2024 23:26:18.163] [main/INFO] [mixin/]: SpongePowered MIXIN Subsystem Version=0.8.5 Source=jar:file:///C:/1.20.4/libraries/org/spongepowered/mixin/0.8.5/mixin-0.8.5.jar!/ Service=ModLauncher Env=SERVER
[19Mar2024 23:26:18.166] [main/DEBUG] [mixin/]: Initialising Mixin Platform Manager
[19Mar2024 23:26:18.166] [main/DEBUG] [mixin/]: Adding mixin platform agents for container ModLauncher Root Container(ModLauncher:4f56a0a2)
[19Mar2024 23:26:18.166] [main/DEBUG] [mixin/]: Instancing new MixinPlatformAgentMinecraftForge for ModLauncher Root Container(ModLauncher:4f56a0a2)
[19Mar2024 23:26:18.167] [main/DEBUG] [mixin/]: MixinPlatformAgentMinecraftForge rejected container ModLauncher Root Container(ModLauncher:4f56a0a2)
[19Mar2024 23:26:18.167] [main/DEBUG] [mixin/]: Instancing new MixinPlatformAgentDefault for ModLauncher Root Container(ModLauncher:4f56a0a2)
[19Mar2024 23:26:18.167] [main/DEBUG] [mixin/]: MixinPlatformAgentDefault accepted container ModLauncher Root Container(ModLauncher:4f56a0a2)
[19Mar2024 23:26:18.168] [main/DEBUG] [cpw.mods.modlauncher.TransformationServiceDecorator/MODLAUNCHER]: Initialized transformation service mixin
[19Mar2024 23:26:18.168] [main/DEBUG] [cpw.mods.modlauncher.TransformationServiceDecorator/MODLAUNCHER]: Initializing transformation service fml
[19Mar2024 23:26:18.169] [main/DEBUG] [net.minecraftforge.fml.loading.FMLServiceProvider/CORE]: Setting up basic FML game directories
[19Mar2024 23:26:18.169] [main/DEBUG] [net.minecraftforge.fml.loading.FMLPaths/CORE]: Path GAMEDIR is C:\1.20.4
[19Mar2024 23:26:18.169] [main/DEBUG] [net.minecraftforge.fml.loading.FMLPaths/CORE]: Path MODSDIR is C:\1.20.4\mods
[19Mar2024 23:26:18.169] [main/DEBUG] [net.minecraftforge.fml.loading.FMLPaths/CORE]: Path CONFIGDIR is C:\1.20.4\config
[19Mar2024 23:26:18.169] [main/DEBUG] [net.minecraftforge.fml.loading.FMLPaths/CORE]: Path FMLCONFIG is C:\1.20.4\config\fml.toml
[19Mar2024 23:26:18.169] [main/DEBUG] [net.minecraftforge.fml.loading.FMLServiceProvider/CORE]: Loading configuration
[19Mar2024 23:26:18.172] [main/DEBUG] [net.minecraftforge.fml.loading.FMLServiceProvider/CORE]: Preparing ModFile
[19Mar2024 23:26:18.173] [main/DEBUG] [net.minecraftforge.fml.loading.FMLServiceProvider/CORE]: Preparing launch handler
[19Mar2024 23:26:18.173] [main/DEBUG] [net.minecraftforge.fml.loading.FMLLoader/CORE]: Using forge_server as launch service
[19Mar2024 23:26:18.176] [main/DEBUG] [cpw.mods.modlauncher.TransformationServiceDecorator/MODLAUNCHER]: Initialized transformation service fml
[19Mar2024 23:26:18.176] [main/DEBUG] [cpw.mods.modlauncher.NameMappingServiceHandler/MODLAUNCHER]: Current naming domain is 'srg'
[19Mar2024 23:26:18.176] [main/DEBUG] [cpw.mods.modlauncher.NameMappingServiceHandler/MODLAUNCHER]: Identified name mapping providers {}
[19Mar2024 23:26:18.176] [main/DEBUG] [cpw.mods.modlauncher.TransformationServicesHandler/MODLAUNCHER]: Transformation services begin scanning
[19Mar2024 23:26:18.177] [main/DEBUG] [cpw.mods.modlauncher.TransformationServiceDecorator/MODLAUNCHER]: Beginning scan trigger - transformation service mixin
[19Mar2024 23:26:18.177] [main/DEBUG] [cpw.mods.modlauncher.TransformationServiceDecorator/MODLAUNCHER]: End scan trigger - transformation service mixin
[19Mar2024 23:26:18.178] [main/DEBUG] [cpw.mods.modlauncher.TransformationServiceDecorator/MODLAUNCHER]: Beginning scan trigger - transformation service fml
[19Mar2024 23:26:18.178] [main/DEBUG] [net.minecraftforge.fml.loading.FMLServiceProvider/CORE]: Initiating mod scan
[19Mar2024 23:26:18.184] [main/DEBUG] [net.minecraftforge.fml.loading.moddiscovery.ModDiscoverer/CORE]: Found Mod Locators : (mods folder:null),(minecraft:null),(classpath:null),(forge_dev_locator:null),(forge_userdev_locator:null)
[19Mar2024 23:26:18.184] [main/DEBUG] [net.minecraftforge.fml.loading.moddiscovery.ModDiscoverer/CORE]: Found Dependency Locators : (JarInJar:null)
[19Mar2024 23:26:18.189] [main/DEBUG] [net.minecraftforge.fml.loading.moddiscovery.ModFileParser/LOADING]: Considering mod file candidate C:\1.20.4\mods\AutoRestart-1.20.4-2.0.2.jar
[19Mar2024 23:26:18.215] [main/DEBUG] [net.minecraftforge.fml.loading.moddiscovery.ModFileInfo/LOADING]: Found valid mod file AutoRestart-1.20.4-2.0.2.jar with {auto_restart} mods - versions {2.0.2}
[19Mar2024 23:26:18.255] [main/DEBUG] [net.minecraftforge.fml.loading.moddiscovery.ModFileInfo/LOADING]: Found valid mod file forge-1.20.4-49.0.38-server.jar with {minecraft} mods - versions {1.20.4}
[19Mar2024 23:26:18.297] [main/DEBUG] [net.minecraftforge.fml.loading.moddiscovery.ModFileParser/LOADING]: Considering mod file candidate C:\1.20.4\libraries\net\minecraftforge\forge\1.20.4-49.0.38\forge-1.20.4-49.0.38-universal.jar
[19Mar2024 23:26:18.298] [main/DEBUG] [net.minecraftforge.fml.loading.moddiscovery.ModFileInfo/LOADING]: Found valid mod file forge-1.20.4-49.0.38-universal.jar with {forge} mods - versions {49.0.38}
[19Mar2024 23:26:18.312] [main/DEBUG] [net.minecraftforge.fml.loading.moddiscovery.JarInJarDependencyLocator/]: Failed to load resource META-INF\jarjar\metadata.json from forge-1.20.4-49.0.38-server.jar, it does not contain dependency information.
[19Mar2024 23:26:18.312] [main/DEBUG] [net.minecraftforge.fml.loading.moddiscovery.JarInJarDependencyLocator/]: Failed to load resource META-INF\jarjar\metadata.json from forge-1.20.4-49.0.38-universal.jar, it does not contain dependency information.
[19Mar2024 23:26:18.313] [main/DEBUG] [net.minecraftforge.fml.loading.moddiscovery.JarInJarDependencyLocator/]: Failed to load resource META-INF\jarjar\metadata.json from javafmllanguage-1.20.4-49.0.38.jar, it does not contain dependency information.
[19Mar2024 23:26:18.313] [main/DEBUG] [net.minecraftforge.fml.loading.moddiscovery.JarInJarDependencyLocator/]: Failed to load resource META-INF\jarjar\metadata.json from mclanguage-1.20.4-49.0.38.jar, it does not contain dependency information.
[19Mar2024 23:26:18.313] [main/DEBUG] [net.minecraftforge.fml.loading.moddiscovery.JarInJarDependencyLocator/]: Failed to load resource META-INF\jarjar\metadata.json from lowcodelanguage-1.20.4-49.0.38.jar, it does not contain dependency information.
[19Mar2024 23:26:18.313] [main/DEBUG] [net.minecraftforge.fml.loading.moddiscovery.JarInJarDependencyLocator/]: Failed to load resource META-INF\jarjar\metadata.json from fmlcore-1.20.4-49.0.38.jar, it does not contain dependency information.
[19Mar2024 23:26:18.344] [main/DEBUG] [net.minecraftforge.fml.loading.moddiscovery.JarInJarDependencyLocator/]: Failed to load resource META-INF\jarjar\metadata.json from MinecraftForgeAPI-1.20.4-1.2.2.jar, it does not contain dependency information.
[19Mar2024 23:26:18.370] [main/INFO] [net.minecraftforge.fml.loading.moddiscovery.JarInJarDependencyLocator/]: Found 1 dependencies adding them to mods collection
[19Mar2024 23:26:18.372] [main/DEBUG] [net.minecraftforge.fml.loading.moddiscovery.ModFileInfo/LOADING]: Found valid mod file forge-1.20.4-49.0.38-server.jar with {minecraft} mods - versions {1.20.4}
[19Mar2024 23:26:18.375] [main/DEBUG] [net.minecraftforge.fml.loading.moddiscovery.ModFile/LOADING]: Loading mod file C:\1.20.4\libraries\net\minecraftforge\forge\1.20.4-49.0.38\forge-1.20.4-49.0.38-server.jar with languages [LanguageSpec[languageName=minecraft, acceptedVersions=1]]
[19Mar2024 23:26:18.376] [main/DEBUG] [net.minecraftforge.fml.loading.moddiscovery.ModFileParser/LOADING]: Considering mod file candidate C:\1.20.4\libraries\net\minecraftforge\forge\1.20.4-49.0.38\forge-1.20.4-49.0.38-universal.jar
[19Mar2024 23:26:18.376] [main/DEBUG] [net.minecraftforge.fml.loading.moddiscovery.ModFileInfo/LOADING]: Found valid mod file forge-1.20.4-49.0.38-universal.jar with {forge} mods - versions {49.0.38}
[19Mar2024 23:26:18.377] [main/DEBUG] [net.minecraftforge.fml.loading.moddiscovery.ModFile/LOADING]: Loading mod file C:\1.20.4\libraries\net\minecraftforge\forge\1.20.4-49.0.38\forge-1.20.4-49.0.38-universal.jar with languages [LanguageSpec[languageName=javafml, acceptedVersions=[24,]]]
[19Mar2024 23:26:18.379] [main/DEBUG] [net.minecraftforge.fml.loading.moddiscovery.ModFileParser/LOADING]: Found coremod field_to_method with Javascript path coremods/field_to_method.js
[19Mar2024 23:26:18.379] [main/DEBUG] [net.minecraftforge.fml.loading.moddiscovery.ModFileParser/LOADING]: Found coremod field_to_instanceof with Javascript path coremods/field_to_instanceof.js
[19Mar2024 23:26:18.379] [main/DEBUG] [net.minecraftforge.fml.loading.moddiscovery.ModFileParser/LOADING]: Found coremod add_bouncer_method with Javascript path coremods/add_bouncer_method.js
[19Mar2024 23:26:18.379] [main/DEBUG] [net.minecraftforge.fml.loading.moddiscovery.ModFileParser/LOADING]: Found coremod method_redirector with Javascript path coremods/method_redirector.js
[19Mar2024 23:26:18.379] [main/DEBUG] [net.minecraftforge.fml.loading.moddiscovery.ModFile/LOADING]: Found coremod /coremods/field_to_method.js
[19Mar2024 23:26:18.379] [main/DEBUG] [net.minecraftforge.fml.loading.moddiscovery.ModFile/LOADING]: Found coremod /coremods/field_to_instanceof.js
[19Mar2024 23:26:18.380] [main/DEBUG] [net.minecraftforge.fml.loading.moddiscovery.ModFile/LOADING]: Found coremod /coremods/add_bouncer_method.js
[19Mar2024 23:26:18.380] [main/DEBUG] [net.minecraftforge.fml.loading.moddiscovery.ModFile/LOADING]: Found coremod /coremods/method_redirector.js
[19Mar2024 23:26:18.380] [main/DEBUG] [net.minecraftforge.fml.loading.moddiscovery.ModFileParser/LOADING]: Considering mod file candidate C:\1.20.4\mods\AutoRestart-1.20.4-2.0.2.jar
[19Mar2024 23:26:18.381] [main/DEBUG] [net.minecraftforge.fml.loading.moddiscovery.ModFileInfo/LOADING]: Found valid mod file AutoRestart-1.20.4-2.0.2.jar with {auto_restart} mods - versions {2.0.2}
[19Mar2024 23:26:18.381] [main/DEBUG] [net.minecraftforge.fml.loading.moddiscovery.ModFile/LOADING]: Loading mod file C:\1.20.4\mods\AutoRestart-1.20.4-2.0.2.jar with languages [LanguageSpec[languageName=javafml, acceptedVersions=[49,)]]
[19Mar2024 23:26:18.381] [main/DEBUG] [net.minecraftforge.fml.loading.moddiscovery.ModFile/LOADING]: Loading mod file  with languages []
[19Mar2024 23:26:18.382] [main/DEBUG] [cpw.mods.modlauncher.TransformationServiceDecorator/MODLAUNCHER]: End scan trigger - transformation service fml
[19Mar2024 23:26:18.390] [main/DEBUG] [net.minecraftforge.fml.loading.LanguageLoadingProvider/CORE]: Found 3 language providers
[19Mar2024 23:26:18.391] [main/DEBUG] [net.minecraftforge.fml.loading.LanguageLoadingProvider/CORE]: Found language provider minecraft, version 1.0
[19Mar2024 23:26:18.391] [main/DEBUG] [net.minecraftforge.fml.loading.LanguageLoadingProvider/CORE]: Found language provider lowcodefml, version 49
[19Mar2024 23:26:18.391] [main/DEBUG] [net.minecraftforge.fml.loading.LanguageLoadingProvider/CORE]: Found language provider javafml, version 49.0.38
[19Mar2024 23:26:18.393] [main/DEBUG] [net.minecraftforge.fml.loading.ModSorter/]: Configured system mods: [minecraft, forge]
[19Mar2024 23:26:18.393] [main/DEBUG] [net.minecraftforge.fml.loading.ModSorter/]: Found system mod: minecraft
[19Mar2024 23:26:18.394] [main/DEBUG] [net.minecraftforge.fml.loading.ModSorter/]: Found system mod: forge
[19Mar2024 23:26:18.397] [main/DEBUG] [net.minecraftforge.fml.loading.ModSorter/LOADING]: Found 2 mod requirements (2 mandatory, 0 optional)
[19Mar2024 23:26:18.398] [main/DEBUG] [net.minecraftforge.fml.loading.ModSorter/LOADING]: Found 0 mod requirements missing (0 mandatory, 0 optional)
[19Mar2024 23:26:18.672] [main/DEBUG] [cpw.mods.modlauncher.TransformationServicesHandler/MODLAUNCHER]: Transformation services loading transformers
[19Mar2024 23:26:18.672] [main/DEBUG] [cpw.mods.modlauncher.TransformationServiceDecorator/MODLAUNCHER]: Initializing transformers for transformation service mixin
[19Mar2024 23:26:18.673] [main/DEBUG] [cpw.mods.modlauncher.TransformationServiceDecorator/MODLAUNCHER]: Initialized transformers for transformation service mixin
[19Mar2024 23:26:18.673] [main/DEBUG] [cpw.mods.modlauncher.TransformationServiceDecorator/MODLAUNCHER]: Initializing transformers for transformation service fml
[19Mar2024 23:26:18.673] [main/DEBUG] [net.minecraftforge.fml.loading.FMLServiceProvider/CORE]: Loading coremod transformers
[19Mar2024 23:26:18.673] [main/DEBUG] [net.minecraftforge.coremod.CoreModEngine/COREMOD]: Loading CoreMod from /coremods/field_to_method.js
[19Mar2024 23:26:18.791] [main/DEBUG] [net.minecraftforge.coremod.CoreModEngine/COREMOD]: CoreMod loaded successfully
[19Mar2024 23:26:18.791] [main/DEBUG] [net.minecraftforge.coremod.CoreModEngine/COREMOD]: Loading CoreMod from /coremods/field_to_instanceof.js
[19Mar2024 23:26:18.835] [main/DEBUG] [net.minecraftforge.coremod.CoreModEngine/COREMOD]: CoreMod loaded successfully
[19Mar2024 23:26:18.836] [main/DEBUG] [net.minecraftforge.coremod.CoreModEngine/COREMOD]: Loading CoreMod from /coremods/add_bouncer_method.js
[19Mar2024 23:26:18.864] [main/DEBUG] [net.minecraftforge.coremod.CoreModEngine/COREMOD]: CoreMod loaded successfully
[19Mar2024 23:26:18.864] [main/DEBUG] [net.minecraftforge.coremod.CoreModEngine/COREMOD]: Loading CoreMod from /coremods/method_redirector.js
[19Mar2024 23:26:18.910] [main/DEBUG] [net.minecraftforge.coremod.CoreModEngine/COREMOD]: CoreMod loaded successfully
[19Mar2024 23:26:18.919] [main/DEBUG] [cpw.mods.modlauncher.TransformStore/MODLAUNCHER]: Adding transformer net.minecraftforge.coremod.transformer.CoreModClassTransformer@a83495d to Target : CLASS {Lnet/minecraft/world/level/biome/Biome;} {} {V}
[19Mar2024 23:26:18.920] [main/DEBUG] [cpw.mods.modlauncher.TransformStore/MODLAUNCHER]: Adding transformer net.minecraftforge.coremod.transformer.CoreModClassTransformer@58f4b31a to Target : CLASS {Lnet/minecraft/world/level/levelgen/structure/Structure;} {} {V}
[19Mar2024 23:26:18.921] [main/DEBUG] [cpw.mods.modlauncher.TransformStore/MODLAUNCHER]: Adding transformer net.minecraftforge.coremod.transformer.CoreModClassTransformer@21a9a705 to Target : CLASS {Lnet/minecraft/world/effect/MobEffectInstance;} {} {V}
[19Mar2024 23:26:18.921] [main/DEBUG] [cpw.mods.modlauncher.TransformStore/MODLAUNCHER]: Adding transformer net.minecraftforge.coremod.transformer.CoreModClassTransformer@72eb6200 to Target : CLASS {Lnet/minecraft/world/level/block/LiquidBlock;} {} {V}
[19Mar2024 23:26:18.921] [main/DEBUG] [cpw.mods.modlauncher.TransformStore/MODLAUNCHER]: Adding transformer net.minecraftforge.coremod.transformer.CoreModClassTransformer@76ececd to Target : CLASS {Lnet/minecraft/world/item/BucketItem;} {} {V}
[19Mar2024 23:26:18.921] [main/DEBUG] [cpw.mods.modlauncher.TransformStore/MODLAUNCHER]: Adding transformer net.minecraftforge.coremod.transformer.CoreModClassTransformer@7affc159 to Target : CLASS {Lnet/minecraft/world/level/block/FlowerPotBlock;} {} {V}
[19Mar2024 23:26:18.921] [main/DEBUG] [cpw.mods.modlauncher.TransformStore/MODLAUNCHER]: Adding transformer net.minecraftforge.coremod.transformer.CoreModClassTransformer@1682c08c to Target : CLASS {Lnet/minecraft/world/item/ItemStack;} {} {V}
[19Mar2024 23:26:18.921] [main/DEBUG] [cpw.mods.modlauncher.TransformStore/MODLAUNCHER]: Adding transformer net.minecraftforge.coremod.transformer.CoreModClassTransformer@3fd05b3e to Target : CLASS {Lnet/minecraft/world/level/Explosion;} {} {V}
[19Mar2024 23:26:18.921] [main/DEBUG] [cpw.mods.modlauncher.TransformStore/MODLAUNCHER]: Adding transformer net.minecraftforge.coremod.transformer.CoreModClassTransformer@4eb9f2af to Target : CLASS {Lnet/minecraft/world/level/Explosion;} {} {V}
[19Mar2024 23:26:18.921] [main/DEBUG] [cpw.mods.modlauncher.TransformStore/MODLAUNCHER]: Adding transformer net.minecraftforge.coremod.transformer.CoreModClassTransformer@4a481728 to Target : CLASS {Lnet/minecraft/world/level/levelgen/structure/structures/OceanMonumentPieces$OceanMonumentPiece;} {} {V}
[19Mar2024 23:26:18.921] [main/DEBUG] [cpw.mods.modlauncher.TransformStore/MODLAUNCHER]: Adding transformer net.minecraftforge.coremod.transformer.CoreModClassTransformer@4a481728 to Target : CLASS {Lnet/minecraft/world/entity/npc/CatSpawner;} {} {V}
[19Mar2024 23:26:18.921] [main/DEBUG] [cpw.mods.modlauncher.TransformStore/MODLAUNCHER]: Adding transformer net.minecraftforge.coremod.transformer.CoreModClassTransformer@4a481728 to Target : CLASS {Lnet/minecraft/world/entity/raid/Raid;} {} {V}
[19Mar2024 23:26:18.922] [main/DEBUG] [cpw.mods.modlauncher.TransformStore/MODLAUNCHER]: Adding transformer net.minecraftforge.coremod.transformer.CoreModClassTransformer@4a481728 to Target : CLASS {Lnet/minecraft/world/level/levelgen/structure/structures/OceanRuinPieces$OceanRuinPiece;} {} {V}
[19Mar2024 23:26:18.922] [main/DEBUG] [cpw.mods.modlauncher.TransformStore/MODLAUNCHER]: Adding transformer net.minecraftforge.coremod.transformer.CoreModClassTransformer@4a481728 to Target : CLASS {Lnet/minecraft/world/entity/animal/horse/SkeletonTrapGoal;} {} {V}
[19Mar2024 23:26:18.922] [main/DEBUG] [cpw.mods.modlauncher.TransformStore/MODLAUNCHER]: Adding transformer net.minecraftforge.coremod.transformer.CoreModClassTransformer@4a481728 to Target : CLASS {Lnet/minecraft/world/level/levelgen/structure/structures/SwampHutPiece;} {} {V}
[19Mar2024 23:26:18.922] [main/DEBUG] [cpw.mods.modlauncher.TransformStore/MODLAUNCHER]: Adding transformer net.minecraftforge.coremod.transformer.CoreModClassTransformer@4a481728 to Target : CLASS {Lnet/minecraft/world/entity/monster/ZombieVillager;} {} {V}
[19Mar2024 23:26:18.922] [main/DEBUG] [cpw.mods.modlauncher.TransformStore/MODLAUNCHER]: Adding transformer net.minecraftforge.coremod.transformer.CoreModClassTransformer@4a481728 to Target : CLASS {Lnet/minecraft/world/level/levelgen/structure/structures/WoodlandMansionPieces$WoodlandMansionPiece;} {} {V}
[19Mar2024 23:26:18.922] [main/DEBUG] [cpw.mods.modlauncher.TransformStore/MODLAUNCHER]: Adding transformer net.minecraftforge.coremod.transformer.CoreModClassTransformer@4a481728 to Target : CLASS {Lnet/minecraft/server/commands/SummonCommand;} {} {V}
[19Mar2024 23:26:18.922] [main/DEBUG] [cpw.mods.modlauncher.TransformStore/MODLAUNCHER]: Adding transformer net.minecraftforge.coremod.transformer.CoreModClassTransformer@4a481728 to Target : CLASS {Lnet/minecraft/world/entity/animal/frog/Tadpole;} {} {V}
[19Mar2024 23:26:18.922] [main/DEBUG] [cpw.mods.modlauncher.TransformStore/MODLAUNCHER]: Adding transformer net.minecraftforge.coremod.transformer.CoreModClassTransformer@4a481728 to Target : CLASS {Lnet/minecraft/world/entity/monster/Zombie;} {} {V}
[19Mar2024 23:26:18.922] [main/DEBUG] [cpw.mods.modlauncher.TransformStore/MODLAUNCHER]: Adding transformer net.minecraftforge.coremod.transformer.CoreModClassTransformer@4a481728 to Target : CLASS {Lnet/minecraft/world/entity/EntityType;} {} {V}
[19Mar2024 23:26:18.922] [main/DEBUG] [cpw.mods.modlauncher.TransformStore/MODLAUNCHER]: Adding transformer net.minecraftforge.coremod.transformer.CoreModClassTransformer@4a481728 to Target : CLASS {Lnet/minecraft/world/entity/monster/Evoker$EvokerSummonSpellGoal;} {} {V}
[19Mar2024 23:26:18.922] [main/DEBUG] [cpw.mods.modlauncher.TransformStore/MODLAUNCHER]: Adding transformer net.minecraftforge.coremod.transformer.CoreModClassTransformer@4a481728 to Target : CLASS {Lnet/minecraft/world/entity/monster/Strider;} {} {V}
[19Mar2024 23:26:18.922] [main/DEBUG] [cpw.mods.modlauncher.TransformStore/MODLAUNCHER]: Adding transformer net.minecraftforge.coremod.transformer.CoreModClassTransformer@4a481728 to Target : CLASS {Lnet/minecraft/world/level/levelgen/PatrolSpawner;} {} {V}
[19Mar2024 23:26:18.923] [main/DEBUG] [cpw.mods.modlauncher.TransformStore/MODLAUNCHER]: Adding transformer net.minecraftforge.coremod.transformer.CoreModClassTransformer@4a481728 to Target : CLASS {Lnet/minecraft/world/entity/monster/Spider;} {} {V}
[19Mar2024 23:26:18.923] [main/DEBUG] [cpw.mods.modlauncher.TransformStore/MODLAUNCHER]: Adding transformer net.minecraftforge.coremod.transformer.CoreModClassTransformer@4a481728 to Target : CLASS {Lnet/minecraft/world/entity/npc/Villager;} {} {V}
[19Mar2024 23:26:18.923] [main/DEBUG] [cpw.mods.modlauncher.TransformStore/MODLAUNCHER]: Adding transformer net.minecraftforge.coremod.transformer.CoreModClassTransformer@4a481728 to Target : CLASS {Lnet/minecraft/world/level/NaturalSpawner;} {} {V}
[19Mar2024 23:26:18.923] [main/DEBUG] [cpw.mods.modlauncher.TransformStore/MODLAUNCHER]: Adding transformer net.minecraftforge.coremod.transformer.CoreModClassTransformer@4a481728 to Target : CLASS {Lnet/minecraft/world/entity/ai/village/VillageSiege;} {} {V}
[19Mar2024 23:26:18.923] [main/DEBUG] [cpw.mods.modlauncher.TransformStore/MODLAUNCHER]: Adding transformer net.minecraftforge.coremod.transformer.CoreModClassTransformer@4a481728 to Target : CLASS {Lnet/minecraft/server/commands/RaidCommand;} {} {V}
[19Mar2024 23:26:18.923] [main/DEBUG] [cpw.mods.modlauncher.TransformStore/MODLAUNCHER]: Adding transformer net.minecraftforge.coremod.transformer.CoreModClassTransformer@4a481728 to Target : CLASS {Lnet/minecraft/world/level/levelgen/structure/templatesystem/StructureTemplate;} {} {V}
[19Mar2024 23:26:18.923] [main/DEBUG] [cpw.mods.modlauncher.TransformStore/MODLAUNCHER]: Adding transformer net.minecraftforge.coremod.transformer.CoreModClassTransformer@4a481728 to Target : CLASS {Lnet/minecraft/world/level/levelgen/PhantomSpawner;} {} {V}
[19Mar2024 23:26:18.923] [main/DEBUG] [cpw.mods.modlauncher.TransformationServiceDecorator/MODLAUNCHER]: Initialized transformers for transformation service fml
[19Mar2024 23:26:18.937] [main/DEBUG] [mixin/]: Processing prepare() for PlatformAgent[MixinPlatformAgentDefault:ModLauncher Root Container(ModLauncher:4f56a0a2)]
[19Mar2024 23:26:18.937] [main/DEBUG] [mixin/]: Processing launch tasks for PlatformAgent[MixinPlatformAgentDefault:ModLauncher Root Container(ModLauncher:4f56a0a2)]
[19Mar2024 23:26:18.937] [main/DEBUG] [mixin/]: Adding mixin platform agents for container SecureJarResource(minecraft)
[19Mar2024 23:26:18.938] [main/DEBUG] [mixin/]: Instancing new MixinPlatformAgentMinecraftForge for SecureJarResource(minecraft)
[19Mar2024 23:26:18.938] [main/DEBUG] [mixin/]: MixinPlatformAgentMinecraftForge rejected container SecureJarResource(minecraft)
[19Mar2024 23:26:18.938] [main/DEBUG] [mixin/]: Instancing new MixinPlatformAgentDefault for SecureJarResource(minecraft)
[19Mar2024 23:26:18.938] [main/DEBUG] [mixin/]: MixinPlatformAgentDefault accepted container SecureJarResource(minecraft)
[19Mar2024 23:26:18.938] [main/DEBUG] [mixin/]: Processing prepare() for PlatformAgent[MixinPlatformAgentDefault:SecureJarResource(minecraft)]
[19Mar2024 23:26:18.938] [main/DEBUG] [mixin/]: Adding mixin platform agents for container SecureJarResource(forge)
[19Mar2024 23:26:18.938] [main/DEBUG] [mixin/]: Instancing new MixinPlatformAgentMinecraftForge for SecureJarResource(forge)
[19Mar2024 23:26:18.938] [main/DEBUG] [mixin/]: MixinPlatformAgentMinecraftForge rejected container SecureJarResource(forge)
[19Mar2024 23:26:18.938] [main/DEBUG] [mixin/]: Instancing new MixinPlatformAgentDefault for SecureJarResource(forge)
[19Mar2024 23:26:18.938] [main/DEBUG] [mixin/]: MixinPlatformAgentDefault accepted container SecureJarResource(forge)
[19Mar2024 23:26:18.938] [main/DEBUG] [mixin/]: Processing prepare() for PlatformAgent[MixinPlatformAgentDefault:SecureJarResource(forge)]
[19Mar2024 23:26:18.938] [main/DEBUG] [mixin/]: Adding mixin platform agents for container SecureJarResource(auto_restart)
[19Mar2024 23:26:18.939] [main/DEBUG] [mixin/]: Instancing new MixinPlatformAgentMinecraftForge for SecureJarResource(auto_restart)
[19Mar2024 23:26:18.939] [main/DEBUG] [mixin/]: MixinPlatformAgentMinecraftForge rejected container SecureJarResource(auto_restart)
[19Mar2024 23:26:18.939] [main/DEBUG] [mixin/]: Instancing new MixinPlatformAgentDefault for SecureJarResource(auto_restart)
[19Mar2024 23:26:18.939] [main/DEBUG] [mixin/]: MixinPlatformAgentDefault accepted container SecureJarResource(auto_restart)
[19Mar2024 23:26:18.939] [main/DEBUG] [mixin/]: Processing prepare() for PlatformAgent[MixinPlatformAgentDefault:SecureJarResource(auto_restart)]
[19Mar2024 23:26:18.939] [main/DEBUG] [mixin/]: Adding mixin platform agents for container SecureJarResource(MinecraftForgeAPI)
[19Mar2024 23:26:18.939] [main/DEBUG] [mixin/]: Instancing new MixinPlatformAgentMinecraftForge for SecureJarResource(MinecraftForgeAPI)
[19Mar2024 23:26:18.939] [main/DEBUG] [mixin/]: MixinPlatformAgentMinecraftForge rejected container SecureJarResource(MinecraftForgeAPI)
[19Mar2024 23:26:18.939] [main/DEBUG] [mixin/]: Instancing new MixinPlatformAgentDefault for SecureJarResource(MinecraftForgeAPI)
[19Mar2024 23:26:18.939] [main/DEBUG] [mixin/]: MixinPlatformAgentDefault accepted container SecureJarResource(MinecraftForgeAPI)
[19Mar2024 23:26:18.939] [main/DEBUG] [mixin/]: Processing prepare() for PlatformAgent[MixinPlatformAgentDefault:SecureJarResource(MinecraftForgeAPI)]
[19Mar2024 23:26:18.939] [main/DEBUG] [mixin/]: inject() running with 5 agents
[19Mar2024 23:26:18.940] [main/DEBUG] [mixin/]: Processing inject() for PlatformAgent[MixinPlatformAgentDefault:ModLauncher Root Container(ModLauncher:4f56a0a2)]
[19Mar2024 23:26:18.940] [main/DEBUG] [mixin/]: Processing inject() for PlatformAgent[MixinPlatformAgentDefault:SecureJarResource(minecraft)]
[19Mar2024 23:26:18.940] [main/DEBUG] [mixin/]: Processing inject() for PlatformAgent[MixinPlatformAgentDefault:SecureJarResource(forge)]
[19Mar2024 23:26:18.940] [main/DEBUG] [mixin/]: Processing inject() for PlatformAgent[MixinPlatformAgentDefault:SecureJarResource(auto_restart)]
[19Mar2024 23:26:18.940] [main/DEBUG] [mixin/]: Processing inject() for PlatformAgent[MixinPlatformAgentDefault:SecureJarResource(MinecraftForgeAPI)]
[19Mar2024 23:26:18.940] [main/INFO] [cpw.mods.modlauncher.LaunchServiceHandler/MODLAUNCHER]: Launching target 'forge_server' with arguments [nogui]
[19Mar2024 23:26:18.959] [main/DEBUG] [mixin/]: Error cleaning class output directory: .mixin.out
[19Mar2024 23:26:18.960] [main/DEBUG] [mixin/]: Preparing mixins for MixinEnvironment[DEFAULT]
[19Mar2024 23:26:19.012] [main/DEBUG] [io.netty.util.internal.logging.InternalLoggerFactory/]: Using SLF4J as the default logging framework
[19Mar2024 23:26:19.015] [main/DEBUG] [io.netty.util.ResourceLeakDetector/]: -Dio.netty.leakDetection.level: simple
[19Mar2024 23:26:19.015] [main/DEBUG] [io.netty.util.ResourceLeakDetector/]: -Dio.netty.leakDetection.targetRecords: 4
[19Mar2024 23:26:19.124] [main/WARN] [oshi.util.FileUtil/]: Configuration conflict: there is more than one oshi.properties file on the classpath: [jar:file:///C:/1.20.4/libraries/com/github/oshi/oshi-core/6.4.5/oshi-core-6.4.5.jar!/oshi.properties, jar:file:/C:/1.20.4/libraries/com/github/oshi/oshi-core/6.4.5/oshi-core-6.4.5.jar!/oshi.properties, jar:file:/C:/1.20.4/libraries/com/github/oshi/oshi-core/6.4.5/oshi-core-6.4.5.jar!/oshi.properties, jar:file:///C:/1.20.4/libraries/com/github/oshi/oshi-core/6.4.5/oshi-core-6.4.5.jar!/oshi.properties, jar:file:/C:/1.20.4/libraries/com/github/oshi/oshi-core/6.4.5/oshi-core-6.4.5.jar!/oshi.properties, jar:file:/C:/1.20.4/libraries/com/github/oshi/oshi-core/6.4.5/oshi-core-6.4.5.jar!/oshi.properties, jar:file:///C:/1.20.4/libraries/com/github/oshi/oshi-core/6.4.5/oshi-core-6.4.5.jar!/oshi.properties, jar:file:/C:/1.20.4/libraries/com/github/oshi/oshi-core/6.4.5/oshi-core-6.4.5.jar!/oshi.properties, jar:file:/C:/1.20.4/libraries/com/github/oshi/oshi-core/6.4.5/oshi-core-6.4.5.jar!/oshi.properties, jar:file:///C:/1.20.4/libraries/com/github/oshi/oshi-core/6.4.5/oshi-core-6.4.5.jar!/oshi.properties, jar:file:/C:/1.20.4/libraries/com/github/oshi/oshi-core/6.4.5/oshi-core-6.4.5.jar!/oshi.properties, jar:file:/C:/1.20.4/libraries/com/github/oshi/oshi-core/6.4.5/oshi-core-6.4.5.jar!/oshi.properties]
[19Mar2024 23:26:19.244] [main/WARN] [oshi.util.FileUtil/]: Configuration conflict: there is more than one oshi.architecture.properties file on the classpath: [jar:file:///C:/1.20.4/libraries/com/github/oshi/oshi-core/6.4.5/oshi-core-6.4.5.jar!/oshi.architecture.properties, jar:file:/C:/1.20.4/libraries/com/github/oshi/oshi-core/6.4.5/oshi-core-6.4.5.jar!/oshi.architecture.properties, jar:file:/C:/1.20.4/libraries/com/github/oshi/oshi-core/6.4.5/oshi-core-6.4.5.jar!/oshi.architecture.properties, jar:file:///C:/1.20.4/libraries/com/github/oshi/oshi-core/6.4.5/oshi-core-6.4.5.jar!/oshi.architecture.properties, jar:file:/C:/1.20.4/libraries/com/github/oshi/oshi-core/6.4.5/oshi-core-6.4.5.jar!/oshi.architecture.properties, jar:file:/C:/1.20.4/libraries/com/github/oshi/oshi-core/6.4.5/oshi-core-6.4.5.jar!/oshi.architecture.properties, jar:file:///C:/1.20.4/libraries/com/github/oshi/oshi-core/6.4.5/oshi-core-6.4.5.jar!/oshi.architecture.properties, jar:file:/C:/1.20.4/libraries/com/github/oshi/oshi-core/6.4.5/oshi-core-6.4.5.jar!/oshi.architecture.properties, jar:file:/C:/1.20.4/libraries/com/github/oshi/oshi-core/6.4.5/oshi-core-6.4.5.jar!/oshi.architecture.properties, jar:file:///C:/1.20.4/libraries/com/github/oshi/oshi-core/6.4.5/oshi-core-6.4.5.jar!/oshi.architecture.properties, jar:file:/C:/1.20.4/libraries/com/github/oshi/oshi-core/6.4.5/oshi-core-6.4.5.jar!/oshi.architecture.properties, jar:file:/C:/1.20.4/libraries/com/github/oshi/oshi-core/6.4.5/oshi-core-6.4.5.jar!/oshi.architecture.properties]
[19Mar2024 23:26:19.300] [main/WARN] [oshi.driver.windows.perfmon.PerfmonDisabled/]: Invalid registry value type detected for PerfOS counters. Should be REG_DWORD. Ignoring: HKEY_LOCAL_MACHINE\SYSTEM\CurrentControlSet\Services\PerfOS\Performance\Disable Performance Counters.
